awesomeAppCore/build/outputs/logs/manifest-merger-free-debug-report.txt
-- Merging decision tree log ---
manifest
ADDED from AndroidManifest.xml:2:1
	xmlns:android
		ADDED from AndroidManifest.xml:2:11
	package
		ADDED from AndroidManifest.xml:3:5
		INJECTED from AndroidManifest.xml:0:0
		INJECTED from AndroidManifest.xml:0:0
	android:sharedUserLabel
		ADDED from AndroidManifest.xml:5:5
	android:versionName
		ADDED from AndroidManifest.xml:7:5
	android:versionCode
		ADDED from AndroidManifest.xml:6:5
		INJECTED from AndroidManifest.xml:0:0
		INJECTED from AndroidManifest.xml:0:0
	android:installLocation
		ADDED from AndroidManifest.xml:4:5
uses-sdk
ADDED from AndroidManifest.xml:9:5
MERGED from com.android.support:design:22.2.0:20:5
MERGED from com.android.support:appcompat-v7:22.2.0:20:5
MERGED from com.android.support:support-v4:22.2.0:20:5
MERGED from com.android.support:support-v4:22.2.0:20:5
MERGED from com.android.support:support-v4:22.2.0:20:5
MERGED from com.android.support:appcompat-v7:22.2.0:20:5
MERGED from com.android.support:support-v4:22.2.0:20:5
MERGED from com.android.support:cardview-v7:22.2.0:20:5
MERGED from com.android.support:recyclerview-v7:22.2.0:20:5
MERGED from com.android.support:support-v4:22.2.0:20:5
MERGED from org.thoughtcrime.ssl.pinning:AndroidPinning:1.0.0:7:5
MERGED from Gibberbot:tibetanTextLibrary:unspecified:7:5
MERGED from com.android.support:support-v4:22.2.0:20:5
MERGED from Gibberbot:otr4jandroid:unspecified:7:5
MERGED from com.android.support:appcompat-v7:22.2.0:20:5
MERGED from com.android.support:support-v4:22.2.0:20:5
MERGED from de.hdodenhof:circleimageview:1.3.0:5:5
	android:targetSdkVersion
		ADDED from AndroidManifest.xml:11:9
		INJECTED from AndroidManifest.xml:0:0
		INJECTED from AndroidManifest.xml:0:0
	android:minSdkVersion
		ADDED from AndroidManifest.xml:10:9
		INJECTED from AndroidManifest.xml:0:0
		INJECTED from AndroidManifest.xml:0:0
supports-screens
ADDED from AndroidManifest.xml:13:5
	android:largeScreens
		ADDED from AndroidManifest.xml:15:9
	android:anyDensity
		ADDED from AndroidManifest.xml:14:9
	android:normalScreens
		ADDED from AndroidManifest.xml:16:9
	android:smallScreens
		ADDED from AndroidManifest.xml:17:9
uses-permission#org.awesomeapp.messenger.permission.READ_ONLY
ADDED from AndroidManifest.xml:19:5
	android:name
		ADDED from AndroidManifest.xml:19:22
uses-permission#org.awesomeapp.messenger.permission.WRITE_ONLY
ADDED from AndroidManifest.xml:20:5
	android:name
		ADDED from AndroidManifest.xml:20:22
uses-permission#org.awesomeapp.messenger.permission.IM_SERVICE
ADDED from AndroidManifest.xml:21:5
	android:name
		ADDED from AndroidManifest.xml:21:22
uses-permission#android.permission.WAKE_LOCK
ADDED from AndroidManifest.xml:22:5
	android:name
		ADDED from AndroidManifest.xml:22:22
uses-permission#android.permission.VIBRATE
ADDED from AndroidManifest.xml:23:5
	android:name
		ADDED from AndroidManifest.xml:23:22
uses-permission#android.permission.INTERNET
ADDED from AndroidManifest.xml:24:5
	android:name
		ADDED from AndroidManifest.xml:24:22
uses-permission#android.permission.CHANGE_WIFI_MULTICAST_STATE
ADDED from AndroidManifest.xml:25:5
	android:name
		ADDED from AndroidManifest.xml:25:22
uses-permission#android.permission.ACCESS_WIFI_STATE
ADDED from AndroidManifest.xml:26:5
	android:name
		ADDED from AndroidManifest.xml:26:22
uses-permission#android.permission.ACCESS_NETWORK_STATE
ADDED from AndroidManifest.xml:27:5
	android:name
		ADDED from AndroidManifest.xml:27:22
uses-permission#android.permission.READ_EXTERNAL_STORAGE
ADDED from AndroidManifest.xml:28:5
MERGED from Gibberbot:tibetanTextLibrary:unspecified:13:5
	android:name
		ADDED from AndroidManifest.xml:28:22
uses-permission#android.permission.WRITE_EXTERNAL_STORAGE
ADDED from AndroidManifest.xml:29:5
MERGED from Gibberbot:tibetanTextLibrary:unspecified:11:5
	android:name
		ADDED from AndroidManifest.xml:29:22
uses-permission#android.permission.RECEIVE_BOOT_COMPLETED
ADDED from AndroidManifest.xml:30:5
	android:name
		ADDED from AndroidManifest.xml:30:22
uses-permission#android.permission.UPDATE_APP_OPS_STATS
ADDED from AndroidManifest.xml:31:5
	android:name
		ADDED from AndroidManifest.xml:31:22
uses-permission#android.permission.GET_ACCOUNTS
ADDED from AndroidManifest.xml:32:5
	android:name
		ADDED from AndroidManifest.xml:32:22
uses-permission#android.permission.MANAGE_ACCOUNTS
ADDED from AndroidManifest.xml:33:5
	android:name
		ADDED from AndroidManifest.xml:33:22
uses-permission#android.permission.USE_CREDENTIALS
ADDED from AndroidManifest.xml:34:5
	android:name
		ADDED from AndroidManifest.xml:34:22
uses-permission#com.google.android.googleapps.permission.GOOGLE_AUTH
ADDED from AndroidManifest.xml:35:5
	android:name
		ADDED from AndroidManifest.xml:35:22
uses-permission#android.permission.RECORD_AUDIO
ADDED from AndroidManifest.xml:36:5
	android:name
		ADDED from AndroidManifest.xml:36:22
uses-permission#android.permission.CAMERA
ADDED from AndroidManifest.xml:37:5
	android:name
		ADDED from AndroidManifest.xml:37:22
uses-feature#android.hardware.camera
ADDED from AndroidManifest.xml:39:5
	android:name
		ADDED from AndroidManifest.xml:39:19
uses-feature#android.hardware.camera.autofocus
ADDED from AndroidManifest.xml:40:5
	android:required
		ADDED from AndroidManifest.xml:42:9
	android:name
		ADDED from AndroidManifest.xml:41:9
permission#org.awesomeapp.messenger.permission.IM_SERVICE
ADDED from AndroidManifest.xml:44:5
	android:label
		ADDED from AndroidManifest.xml:47:9
	android:protectionLevel
		ADDED from AndroidManifest.xml:49:9
	android:description
		ADDED from AndroidManifest.xml:46:9
	android:permissionGroup
		ADDED from AndroidManifest.xml:48:9
	android:name
		ADDED from AndroidManifest.xml:45:9
permission#org.awesomeapp.messenger.permission.READ_ONLY
ADDED from AndroidManifest.xml:50:5
	android:label
		ADDED from AndroidManifest.xml:53:9
	android:protectionLevel
		ADDED from AndroidManifest.xml:55:9
	android:description
		ADDED from AndroidManifest.xml:52:9
	android:permissionGroup
		ADDED from AndroidManifest.xml:54:9
	android:name
		ADDED from AndroidManifest.xml:51:9
permission#org.awesomeapp.messenger.permission.WRITE_ONLY
ADDED from AndroidManifest.xml:56:5
	android:label
		ADDED from AndroidManifest.xml:59:9
	android:protectionLevel
		ADDED from AndroidManifest.xml:61:9
	android:description
		ADDED from AndroidManifest.xml:58:9
	android:permissionGroup
		ADDED from AndroidManifest.xml:60:9
	android:name
		ADDED from AndroidManifest.xml:57:9
android:uses-permission#android.permission.READ_PHONE_STATE
ADDED from AndroidManifest.xml:63:5
	android:name
		ADDED from AndroidManifest.xml:63:30
application
ADDED from AndroidManifest.xml:65:5
MERGED from com.android.support:design:22.2.0:22:5
MERGED from com.android.support:appcompat-v7:22.2.0:22:5
MERGED from com.android.support:support-v4:22.2.0:22:5
MERGED from com.android.support:support-v4:22.2.0:22:5
MERGED from com.android.support:support-v4:22.2.0:22:5
MERGED from com.android.support:appcompat-v7:22.2.0:22:5
MERGED from com.android.support:support-v4:22.2.0:22:5
MERGED from com.android.support:cardview-v7:22.2.0:22:5
MERGED from com.android.support:support-v4:22.2.0:22:5
MERGED from com.android.support:support-v4:22.2.0:22:5
MERGED from com.android.support:appcompat-v7:22.2.0:22:5
MERGED from com.android.support:support-v4:22.2.0:22:5
MERGED from de.hdodenhof:circleimageview:1.3.0:9:5
	android:label
		ADDED from AndroidManifest.xml:69:9
	android:allowBackup
		ADDED from AndroidManifest.xml:67:9
	android:icon
		ADDED from AndroidManifest.xml:68:9
	android:theme
		ADDED from AndroidManifest.xml:70:9
	android:name
		ADDED from AndroidManifest.xml:66:9
activity#org.awesomeapp.messenger.RouterActivity
ADDED from AndroidManifest.xml:71:9
	android:name
		ADDED from AndroidManifest.xml:71:19
intent-filter#android.intent.action.MAIN+android.intent.category.LAUNCHER
ADDED from AndroidManifest.xml:72:13
action#android.intent.action.MAIN
ADDED from AndroidManifest.xml:73:17
	android:name
		ADDED from AndroidManifest.xml:73:25
category#android.intent.category.LAUNCHER
ADDED from AndroidManifest.xml:75:17
	android:name
		ADDED from AndroidManifest.xml:75:27
intent-filter#android.intent.action.VIEW+android.intent.category.BROWSABLE+android.intent.category.DEFAULT
ADDED from AndroidManifest.xml:77:13
action#android.intent.action.VIEW
ADDED from AndroidManifest.xml:78:17
	android:name
		ADDED from AndroidManifest.xml:78:25
category#android.intent.category.DEFAULT
ADDED from AndroidManifest.xml:80:17
	android:name
		ADDED from AndroidManifest.xml:80:27
category#android.intent.category.BROWSABLE
ADDED from AndroidManifest.xml:81:17
	android:name
		ADDED from AndroidManifest.xml:81:27
data
ADDED from AndroidManifest.xml:83:17
	android:host
		ADDED from AndroidManifest.xml:83:23
intent-filter#android.intent.action.SENDTO+android.intent.category.DEFAULT+info.guardianproject.otr.app.im.category.XMPP
ADDED from AndroidManifest.xml:125:13
action#android.intent.action.SENDTO
ADDED from AndroidManifest.xml:126:17
	android:name
		ADDED from AndroidManifest.xml:126:25
category#info.guardianproject.otr.app.im.category.XMPP
ADDED from AndroidManifest.xml:129:17
	android:name
		ADDED from AndroidManifest.xml:129:27
intent-filter#android.intent.action.SENDTO+android.intent.category.DEFAULT
ADDED from AndroidManifest.xml:133:13
intent-filter#android.intent.action.INSERT+android.intent.category.DEFAULT
ADDED from AndroidManifest.xml:158:13
action#android.intent.action.INSERT
ADDED from AndroidManifest.xml:159:17
	android:name
		ADDED from AndroidManifest.xml:159:25
intent-filter#android.intent.action.SEND+android.intent.category.ALTERNATIVE+android.intent.category.DEFAULT+android.intent.category.SELECTED_ALTERNATIVE
ADDED from AndroidManifest.xml:172:13
action#android.intent.action.SEND
ADDED from AndroidManifest.xml:173:17
	android:name
		ADDED from AndroidManifest.xml:173:25
category#android.intent.category.ALTERNATIVE
ADDED from AndroidManifest.xml:176:17
	android:name
		ADDED from AndroidManifest.xml:176:27
category#android.intent.category.SELECTED_ALTERNATIVE
ADDED from AndroidManifest.xml:177:17
	android:name
		ADDED from AndroidManifest.xml:177:27
intent-filter#android.intent.action.VIEW+android.intent.category.DEFAULT
ADDED from AndroidManifest.xml:190:13
intent-filter#android.intent.action.SEND+android.intent.category.DEFAULT
ADDED from AndroidManifest.xml:197:13
activity#org.awesomeapp.messenger.ui.widgets.AboutActivity
ADDED from AndroidManifest.xml:205:9
	android:exported
		ADDED from AndroidManifest.xml:207:13
	android:name
		ADDED from AndroidManifest.xml:206:13
service#org.awesomeapp.messenger.plugin.xmpp.XmppImPlugin
ADDED from AndroidManifest.xml:209:9
	android:exported
		ADDED from AndroidManifest.xml:211:13
	android:name
		ADDED from AndroidManifest.xml:210:13
intent-filter#org.awesomeapp.messenger.plugin
ADDED from AndroidManifest.xml:212:13
action#org.awesomeapp.messenger.plugin
ADDED from AndroidManifest.xml:213:17
	android:name
		ADDED from AndroidManifest.xml:213:25
meta-data#info.guardianproject.otr.app.im.provider_name
ADDED from AndroidManifest.xml:216:13
	android:name
		ADDED from AndroidManifest.xml:217:17
	android:value
		ADDED from AndroidManifest.xml:218:17
meta-data#info.guardianproject.otr.app.im.provider_full_name
ADDED from AndroidManifest.xml:219:13
	android:name
		ADDED from AndroidManifest.xml:220:17
	android:value
		ADDED from AndroidManifest.xml:221:17
meta-data#info.guardianproject.otr.app.im.signup_url
ADDED from AndroidManifest.xml:222:13
	android:name
		ADDED from AndroidManifest.xml:223:17
	android:value
		ADDED from AndroidManifest.xml:224:17
service#org.awesomeapp.messenger.plugin.xmpp.LLXmppImPlugin
ADDED from AndroidManifest.xml:226:9
	android:exported
		ADDED from AndroidManifest.xml:228:13
	android:name
		ADDED from AndroidManifest.xml:227:13
service#org.awesomeapp.messenger.service.RemoteImService
ADDED from AndroidManifest.xml:260:9
	android:exported
		ADDED from AndroidManifest.xml:262:13
	android:permission
		ADDED from AndroidManifest.xml:263:13
	android:name
		ADDED from AndroidManifest.xml:261:13
intent-filter#info.guardianproject.otr.app.im.IRemoteImService+info.guardianproject.otr.app.im.SERVICE
ADDED from AndroidManifest.xml:264:13
action#info.guardianproject.otr.app.im.IRemoteImService
ADDED from AndroidManifest.xml:265:17
	android:name
		ADDED from AndroidManifest.xml:265:25
action#info.guardianproject.otr.app.im.SERVICE
ADDED from AndroidManifest.xml:266:17
	android:name
		ADDED from AndroidManifest.xml:266:25
service#org.awesomeapp.messenger.service.HeartbeatService
ADDED from AndroidManifest.xml:269:9
	android:exported
		ADDED from AndroidManifest.xml:271:13
	android:name
		ADDED from AndroidManifest.xml:270:13
provider#org.awesomeapp.messenger.provider.ImpsProvider
ADDED from AndroidManifest.xml:273:9
	android:grantUriPermissions
		ADDED from AndroidManifest.xml:277:13
	android:exported
		ADDED from AndroidManifest.xml:276:13
	android:authorities
		ADDED from AndroidManifest.xml:275:13
	android:readPermission
		ADDED from AndroidManifest.xml:278:13
	android:name
		ADDED from AndroidManifest.xml:274:13
	android:writePermission
		ADDED from AndroidManifest.xml:279:13
activity#org.awesomeapp.messenger.ImUrlActivity
ADDED from AndroidManifest.xml:281:9
	android:name
		ADDED from AndroidManifest.xml:281:19
activity#org.awesomeapp.messenger.ui.legacy.AccountWizardActivity
ADDED from AndroidManifest.xml:283:9
	android:exported
		ADDED from AndroidManifest.xml:285:13
	android:name
		ADDED from AndroidManifest.xml:284:13
intent-filter#android.intent.category.DEFAULT+info.guardianproject.otr.app.im.QUIT
ADDED from AndroidManifest.xml:293:13
action#info.guardianproject.otr.app.im.QUIT
ADDED from AndroidManifest.xml:294:17
	android:name
		ADDED from AndroidManifest.xml:294:25
activity#org.awesomeapp.messenger.ui.legacy.AccountActivity
ADDED from AndroidManifest.xml:301:9
	android:windowSoftInputMode
		ADDED from AndroidManifest.xml:304:13
	android:exported
		ADDED from AndroidManifest.xml:303:13
	android:name
		ADDED from AndroidManifest.xml:302:13
intent-filter#android.intent.action.EDIT+android.intent.category.DEFAULT+info.guardianproject.otr.app.im.IMPS_CATEGORY
ADDED from AndroidManifest.xml:305:13
action#android.intent.action.EDIT
ADDED from AndroidManifest.xml:306:17
	android:name
		ADDED from AndroidManifest.xml:306:25
category#info.guardianproject.otr.app.im.IMPS_CATEGORY
ADDED from AndroidManifest.xml:309:17
	android:name
		ADDED from AndroidManifest.xml:309:27
intent-filter#android.intent.action.INSERT+android.intent.category.DEFAULT+info.guardianproject.otr.app.im.IMPS_CATEGORY
ADDED from AndroidManifest.xml:313:13
activity#org.awesomeapp.messenger.ui.legacy.SignoutActivity
ADDED from AndroidManifest.xml:322:9
	android:exported
		ADDED from AndroidManifest.xml:324:13
	android:name
		ADDED from AndroidManifest.xml:323:13
intent-filter#android.intent.action.MAIN+android.intent.category.DEFAULT
ADDED from AndroidManifest.xml:325:13
activity#org.awesomeapp.messenger.ui.legacy.AddContactActivity
ADDED from AndroidManifest.xml:331:9
	android:label
		ADDED from AndroidManifest.xml:334:13
	android:exported
		ADDED from AndroidManifest.xml:333:13
	android:name
		ADDED from AndroidManifest.xml:332:13
activity#org.awesomeapp.messenger.ui.legacy.ContactsPickerActivity
ADDED from AndroidManifest.xml:366:9
	android:label
		ADDED from AndroidManifest.xml:369:13
	android:exported
		ADDED from AndroidManifest.xml:368:13
	android:name
		ADDED from AndroidManifest.xml:367:13
intent-filter#android.intent.action.PICK+android.intent.category.DEFAULT
ADDED from AndroidManifest.xml:370:13
action#android.intent.action.PICK
ADDED from AndroidManifest.xml:371:17
	android:name
		ADDED from AndroidManifest.xml:371:25
activity#org.awesomeapp.messenger.ui.legacy.BlockedContactsActivity
ADDED from AndroidManifest.xml:385:9
	android:label
		ADDED from AndroidManifest.xml:388:13
	android:exported
		ADDED from AndroidManifest.xml:387:13
	android:name
		ADDED from AndroidManifest.xml:386:13
activity#org.awesomeapp.messenger.ui.legacy.ContactPresenceActivity
ADDED from AndroidManifest.xml:397:9
	android:configChanges
		ADDED from AndroidManifest.xml:399:13
	android:exported
		ADDED from AndroidManifest.xml:400:13
	android:name
		ADDED from AndroidManifest.xml:398:13
activity#org.awesomeapp.messenger.ui.legacy.AccountSettingsActivity
ADDED from AndroidManifest.xml:409:9
	android:exported
		ADDED from AndroidManifest.xml:411:13
	android:name
		ADDED from AndroidManifest.xml:410:13
intent-filter#android.intent.action.VIEW+android.intent.category.DEFAULT+info.guardianproject.otr.app.im.IMPS_CATEGORY
ADDED from AndroidManifest.xml:412:13
activity#org.awesomeapp.messenger.ui.legacy.SettingActivity
ADDED from AndroidManifest.xml:421:9
	android:exported
		ADDED from AndroidManifest.xml:423:13
	android:name
		ADDED from AndroidManifest.xml:422:13
activity#org.awesomeapp.messenger.ui.legacy.SmpResponseActivity
ADDED from AndroidManifest.xml:433:9
	android:theme
		ADDED from AndroidManifest.xml:436:13
	android:exported
		ADDED from AndroidManifest.xml:435:13
	android:name
		ADDED from AndroidManifest.xml:434:13
activity#de.duenndns.ssl.MemorizingActivity
ADDED from AndroidManifest.xml:437:9
	android:configChanges
		ADDED from AndroidManifest.xml:439:13
	android:theme
		ADDED from AndroidManifest.xml:441:13
	android:exported
		ADDED from AndroidManifest.xml:440:13
	android:name
		ADDED from AndroidManifest.xml:438:13
receiver#org.awesomeapp.messenger.ui.legacy.NetworkConnectivityListener
ADDED from AndroidManifest.xml:443:9
	android:exported
		ADDED from AndroidManifest.xml:446:13
	android:enabled
		ADDED from AndroidManifest.xml:445:13
	android:name
		ADDED from AndroidManifest.xml:444:13
intent-filter#android.net.conn.CONNECTIVITY_CHANGE
ADDED from AndroidManifest.xml:447:13
action#android.net.conn.CONNECTIVITY_CHANGE
ADDED from AndroidManifest.xml:448:17
	android:name
		ADDED from AndroidManifest.xml:448:25
receiver#org.awesomeapp.messenger.ui.legacy.BootCompletedListener
ADDED from AndroidManifest.xml:451:9
	android:exported
		ADDED from AndroidManifest.xml:454:13
	android:enabled
		ADDED from AndroidManifest.xml:453:13
	android:name
		ADDED from AndroidManifest.xml:452:13
intent-filter#android.intent.action.BOOT_COMPLETED
ADDED from AndroidManifest.xml:455:13
action#android.intent.action.BOOT_COMPLETED
ADDED from AndroidManifest.xml:456:17
	android:name
		ADDED from AndroidManifest.xml:456:25
activity#org.awesomeapp.messenger.ui.legacy.LockScreenActivity
ADDED from AndroidManifest.xml:461:9
	android:label
		ADDED from AndroidManifest.xml:464:13
	android:configChanges
		ADDED from AndroidManifest.xml:463:13
	android:name
		ADDED from AndroidManifest.xml:462:13
activity#org.awesomeapp.messenger.ui.onboarding.OnboardingActivity
ADDED from AndroidManifest.xml:466:9
	android:configChanges
		ADDED from AndroidManifest.xml:468:13
	android:name
		ADDED from AndroidManifest.xml:467:13
activity#org.awesomeapp.messenger.ui.qr.QrScanActivity
ADDED from AndroidManifest.xml:470:9
	android:configChanges
		ADDED from AndroidManifest.xml:472:13
	android:theme
		ADDED from AndroidManifest.xml:473:13
	android:name
		ADDED from AndroidManifest.xml:471:13
activity#org.awesomeapp.messenger.ui.legacy.MissingChatFileStoreActivity
ADDED from AndroidManifest.xml:474:9
	android:configChanges
		ADDED from AndroidManifest.xml:476:13
	android:name
		ADDED from AndroidManifest.xml:475:13
service#info.guardianproject.cacheword.CacheWordService
ADDED from AndroidManifest.xml:478:9
	android:exported
		ADDED from AndroidManifest.xml:481:13
	android:enabled
		ADDED from AndroidManifest.xml:480:13
	android:name
		ADDED from AndroidManifest.xml:479:13
activity#net.hockeyapp.android.UpdateActivity
ADDED from AndroidManifest.xml:483:9
	android:name
		ADDED from AndroidManifest.xml:483:19
activity#org.awesomeapp.messenger.ui.legacy.DummyActivity
ADDED from AndroidManifest.xml:484:9
	android:noHistory
		ADDED from AndroidManifest.xml:492:13
	android:theme
		ADDED from AndroidManifest.xml:494:13
	android:stateNotNeeded
		ADDED from AndroidManifest.xml:493:13
	android:enabled
		ADDED from AndroidManifest.xml:489:13
	android:clearTaskOnLaunch
		ADDED from AndroidManifest.xml:488:13
	android:allowTaskReparenting
		ADDED from AndroidManifest.xml:486:13
	android:excludeFromRecents
		ADDED from AndroidManifest.xml:490:13
	android:name
		ADDED from AndroidManifest.xml:485:13
	android:finishOnTaskLaunch
		ADDED from AndroidManifest.xml:491:13
	android:alwaysRetainTaskState
		ADDED from AndroidManifest.xml:487:13
activity#org.awesomeapp.messenger.ui.widgets.ImageViewActivity
ADDED from AndroidManifest.xml:495:9
	android:theme
		ADDED from AndroidManifest.xml:497:13
	android:name
		ADDED from AndroidManifest.xml:496:13
activity#org.awesomeapp.messenger.ui.widgets.SecureCameraActivity
ADDED from AndroidManifest.xml:498:9
	android:name
		ADDED from AndroidManifest.xml:498:19
activity#org.awesomeapp.messenger.MainActivity
ADDED from AndroidManifest.xml:499:9
	android:theme
		ADDED from AndroidManifest.xml:501:13
	android:name
		ADDED from AndroidManifest.xml:500:13
activity#org.awesomeapp.messenger.ui.ConversationDetailActivity
ADDED from AndroidManifest.xml:502:9
	android:theme
		ADDED from AndroidManifest.xml:504:13
	android:name
		ADDED from AndroidManifest.xml:503:13
uses-permission#android.permission.WRITE_MEDIA_STORAGE
ADDED from Gibberbot:tibetanTextLibrary:unspecified:12:5
	android:name
		ADDED from Gibberbot:tibetanTextLibrary:unspecified:12:22
uses-permission#android.permission.READ_MEDIA_STORAGE
ADDED from Gibberbot:tibetanTextLibrary:unspecified:14:5
	android:name
		ADDED from Gibberbot:tibetanTextLibrary:unspecified:14:22